
> 544-cereri-info-publice@0.1.0 dev
> next dev

 ⚠ Port 3000 is in use by process 33328, using available port 3001 instead.
   ▲ Next.js 15.5.12
   - Local:        http://localhost:3001
   - Network:      http://192.168.1.3:3001
   - Environments: .env.local

 ✓ Starting...
 ✓ Ready in 2.1s
 ○ Compiling /middleware ...
 ✓ Compiled /middleware in 1281ms (164 modules)
 ○ Compiling /api/chat ...
<w> [webpack.cache.PackFileCacheStrategy] Serializing big strings (133kiB) impacts deserialization performance (consider using Buffer instead and decode when needed)
 ✓ Compiled /api/chat in 2.9s (297 modules)
 GET /api/chat 200 in 3026ms
 ○ Compiling /chat ...
 ✓ Compiled /chat in 7.9s (1107 modules)
 GET /chat 200 in 9256ms
 ✓ Compiled in 1401ms (499 modules)
 GET /api/chat 200 in 53ms
 POST /api/chat 200 in 9153ms
 POST /api/chat 200 in 2088ms
 GET /chat 200 in 70ms
 GET /api/chat 200 in 12ms
 POST /api/chat 200 in 10412ms
 POST /api/chat 200 in 8140ms
 POST /api/chat 200 in 9686ms
 POST /api/chat 200 in 9481ms
 POST /api/chat 200 in 6526ms
 ✓ Compiled in 1721ms (1088 modules)
 GET /chat 200 in 158ms
 ✓ Compiled in 737ms (499 modules)
 GET /chat 200 in 63ms
 ✓ Compiled in 640ms (499 modules)
 GET /chat 200 in 43ms
 ✓ Compiled in 740ms (499 modules)
 ⨯ [Error: ENOENT: no such file or directory, open 'D:\544\app\.next\routes-manifest.json'] {
  errno: -4058,
  code: 'ENOENT',
  syscall: 'open',
  path: 'D:\\544\\app\\.next\\routes-manifest.json',
  page: '/chat'
}
 ○ Compiling /_error ...
 ✓ Compiled /_error in 4.9s (1420 modules)
 ⨯ [Error: ENOENT: no such file or directory, open 'D:\544\app\.next\routes-manifest.json'] {
  errno: -4058,
  code: 'ENOENT',
  syscall: 'open',
  path: 'D:\\544\\app\\.next\\routes-manifest.json'
}
[Error: ENOENT: no such file or directory, open 'D:\544\app\.next\routes-manifest.json'] {
  errno: -4058,
  code: 'ENOENT',
  syscall: 'open',
  path: 'D:\\544\\app\\.next\\routes-manifest.json',
  page: '/chat'
}
 ⨯ [Error: ENOENT: no such file or directory, open 'D:\544\app\.next\routes-manifest.json'] {
  errno: -4058,
  code: 'ENOENT',
  syscall: 'open',
  path: 'D:\\544\\app\\.next\\routes-manifest.json'
}
[Error: ENOENT: no such file or directory, open 'D:\544\app\.next\routes-manifest.json'] {
  errno: -4058,
  code: 'ENOENT',
  syscall: 'open',
  path: 'D:\\544\\app\\.next\\routes-manifest.json'
}
 GET /chat 500 in 9315ms
 GET /chat 500 in 302ms
 ⨯ [Error: ENOENT: no such file or directory, open 'D:\544\app\.next\routes-manifest.json'] {
  errno: -4058,
  code: 'ENOENT',
  syscall: 'open',
  path: 'D:\\544\\app\\.next\\routes-manifest.json',
  page: '/chat'
}
 ⨯ [Error: ENOENT: no such file or directory, open 'D:\544\app\.next\routes-manifest.json'] {
  errno: -4058,
  code: 'ENOENT',
  syscall: 'open',
  path: 'D:\\544\\app\\.next\\routes-manifest.json'
}
[Error: ENOENT: no such file or directory, open 'D:\544\app\.next\routes-manifest.json'] {
  errno: -4058,
  code: 'ENOENT',
  syscall: 'open',
  path: 'D:\\544\\app\\.next\\routes-manifest.json',
  page: '/chat'
}
 ⨯ [Error: ENOENT: no such file or directory, open 'D:\544\app\.next\routes-manifest.json'] {
  errno: -4058,
  code: 'ENOENT',
  syscall: 'open',
  path: 'D:\\544\\app\\.next\\routes-manifest.json'
}
[Error: ENOENT: no such file or directory, open 'D:\544\app\.next\routes-manifest.json'] {
  errno: -4058,
  code: 'ENOENT',
  syscall: 'open',
  path: 'D:\\544\\app\\.next\\routes-manifest.json'
}
 GET /chat 500 in 1295ms
 GET /chat 500 in 273ms
 ⨯ [Error: ENOENT: no such file or directory, open 'D:\544\app\.next\routes-manifest.json'] {
  errno: -4058,
  code: 'ENOENT',
  syscall: 'open',
  path: 'D:\\544\\app\\.next\\routes-manifest.json',
  page: '/chat'
}
 ⨯ [Error: ENOENT: no such file or directory, open 'D:\544\app\.next\server\pages-manifest.json'] {
  errno: -4058,
  code: 'ENOENT',
  syscall: 'open',
  path: 'D:\\544\\app\\.next\\server\\pages-manifest.json'
}
[Error: ENOENT: no such file or directory, open 'D:\544\app\.next\routes-manifest.json'] {
  errno: -4058,
  code: 'ENOENT',
  syscall: 'open',
  path: 'D:\\544\\app\\.next\\routes-manifest.json',
  page: '/chat'
}
 ⨯ [Error: ENOENT: no such file or directory, open 'D:\544\app\.next\server\pages-manifest.json'] {
  errno: -4058,
  code: 'ENOENT',
  syscall: 'open',
  path: 'D:\\544\\app\\.next\\server\\pages-manifest.json'
}
[Error: ENOENT: no such file or directory, open 'D:\544\app\.next\routes-manifest.json'] {
  errno: -4058,
  code: 'ENOENT',
  syscall: 'open',
  path: 'D:\\544\\app\\.next\\routes-manifest.json'
}
 GET /chat 500 in 526ms
 GET /chat 500 in 41ms
 ⨯ [Error: ENOENT: no such file or directory, open 'D:\544\app\.next\server\app-paths-manifest.json'] {
  errno: -4058,
  code: 'ENOENT',
  syscall: 'open',
  path: 'D:\\544\\app\\.next\\server\\app-paths-manifest.json',
  page: '/chat'
}
 ⨯ [Error: ENOENT: no such file or directory, open 'D:\544\app\.next\server\pages-manifest.json'] {
  errno: -4058,
  code: 'ENOENT',
  syscall: 'open',
  path: 'D:\\544\\app\\.next\\server\\pages-manifest.json'
}
[Error: ENOENT: no such file or directory, open 'D:\544\app\.next\server\app-paths-manifest.json'] {
  errno: -4058,
  code: 'ENOENT',
  syscall: 'open',
  path: 'D:\\544\\app\\.next\\server\\app-paths-manifest.json',
  page: '/chat'
}
 ⨯ [Error: ENOENT: no such file or directory, open 'D:\544\app\.next\server\pages-manifest.json'] {
  errno: -4058,
  code: 'ENOENT',
  syscall: 'open',
  path: 'D:\\544\\app\\.next\\server\\pages-manifest.json'
}
[Error: ENOENT: no such file or directory, open 'D:\544\app\.next\routes-manifest.json'] {
  errno: -4058,
  code: 'ENOENT',
  syscall: 'open',
  path: 'D:\\544\\app\\.next\\routes-manifest.json'
}
 GET /chat 500 in 118ms
 GET /chat 500 in 42ms
 ⨯ [Error: ENOENT: no such file or directory, open 'D:\544\app\.next\server\app-paths-manifest.json'] {
  errno: -4058,
  code: 'ENOENT',
  syscall: 'open',
  path: 'D:\\544\\app\\.next\\server\\app-paths-manifest.json',
  page: '/chat'
}
 ⨯ [Error: ENOENT: no such file or directory, open 'D:\544\app\.next\server\pages-manifest.json'] {
  errno: -4058,
  code: 'ENOENT',
  syscall: 'open',
  path: 'D:\\544\\app\\.next\\server\\pages-manifest.json'
}
[Error: ENOENT: no such file or directory, open 'D:\544\app\.next\server\app-paths-manifest.json'] {
  errno: -4058,
  code: 'ENOENT',
  syscall: 'open',
  path: 'D:\\544\\app\\.next\\server\\app-paths-manifest.json',
  page: '/chat'
}
 ⨯ [Error: ENOENT: no such file or directory, open 'D:\544\app\.next\server\pages-manifest.json'] {
  errno: -4058,
  code: 'ENOENT',
  syscall: 'open',
  path: 'D:\\544\\app\\.next\\server\\pages-manifest.json'
}
[Error: ENOENT: no such file or directory, open 'D:\544\app\.next\routes-manifest.json'] {
  errno: -4058,
  code: 'ENOENT',
  syscall: 'open',
  path: 'D:\\544\\app\\.next\\routes-manifest.json'
}
 GET /chat 500 in 149ms
 GET /chat 500 in 47ms
 ✓ Compiled in 798ms (651 modules)
 ✓ Compiled in 611ms (651 modules)
 ⨯ Error: Could not find the module "D:\544\app\node_modules\next\dist\next-devtools\userspace\app\segment-explorer-node.js#SegmentViewNode" in the React Client Manifest. This is probably a bug in the React Server Components bundler.
    at stringify (<anonymous>) {
  digest: '1353611368'
}
 ⨯ Error: Could not find the module "D:\544\app\node_modules\next\dist\next-devtools\userspace\app\segment-explorer-node.js#SegmentViewNode" in the React Client Manifest. This is probably a bug in the React Server Components bundler.
    at stringify (<anonymous>)
    at stringify (<anonymous>) {
  digest: '2307552770'
}
 ⨯ Error: Could not find the module "D:\544\app\node_modules\next\dist\next-devtools\userspace\app\segment-explorer-node.js#SegmentViewNode" in the React Client Manifest. This is probably a bug in the React Server Components bundler.
    at stringify (<anonymous>)
    at stringify (<anonymous>) {
  digest: '2307552770'
}
 ⨯ Error: Could not find the module "D:\544\app\node_modules\next\dist\next-devtools\userspace\app\segment-explorer-node.js#SegmentViewNode" in the React Client Manifest. This is probably a bug in the React Server Components bundler.
    at stringify (<anonymous>)
    at stringify (<anonymous>) {
  digest: '2307552770'
}
 ⨯ Error: Could not find the module "D:\544\app\node_modules\next\dist\next-devtools\userspace\app\segment-explorer-node.js#SegmentViewNode" in the React Client Manifest. This is probably a bug in the React Server Components bundler.
    at stringify (<anonymous>) {
  digest: '1353611368'
}
 ⨯ Error: Could not find the module "D:\544\app\node_modules\next\dist\next-devtools\userspace\app\segment-explorer-node.js#SegmentViewNode" in the React Client Manifest. This is probably a bug in the React Server Components bundler.
    at stringify (<anonymous>) {
  digest: '1353611368'
}
 ⨯ [TypeError: Cannot read properties of undefined (reading 'call')] {
  digest: '2700195020'
}
 ⨯ Error: Could not find the module "D:\544\app\node_modules\next\dist\next-devtools\userspace\app\segment-explorer-node.js#SegmentViewNode" in the React Client Manifest. This is probably a bug in the React Server Components bundler.
    at stringify (<anonymous>) {
  digest: '1353611368'
}
[TypeError: Cannot read properties of undefined (reading 'call')]
 ⨯ [TypeError: Cannot read properties of undefined (reading 'call')]
 ⨯ [TypeError: Cannot read properties of undefined (reading 'call')] {
  page: '/chat'
}
 GET /chat 500 in 2619ms
 ○ Compiling /api/chat ...
 ✓ Compiled /api/chat in 3s (1239 modules)
 GET /api/chat 200 in 3319ms
 ⨯ Error: Cannot find module './331.js'
Require stack:
- D:\544\app\.next\server\webpack-runtime.js
- D:\544\app\.next\server\app\api\chat\route.js
- D:\544\app\node_modules\next\dist\server\require.js
- D:\544\app\node_modules\next\dist\server\load-components.js
- D:\544\app\node_modules\next\dist\build\utils.js
- D:\544\app\node_modules\next\dist\build\swc\options.js
- D:\544\app\node_modules\next\dist\build\swc\index.js
- D:\544\app\node_modules\next\dist\build\next-config-ts\transpile-config.js
- D:\544\app\node_modules\next\dist\server\config.js
- D:\544\app\node_modules\next\dist\server\next.js
- D:\544\app\node_modules\next\dist\server\lib\start-server.js
    at <unknown> (D:\544\app\.next\server\app\chat\page.js:14:8731)
    at Object.<anonymous> (D:\544\app\.next\server\app\chat\page.js:14:8781) {
  code: 'MODULE_NOT_FOUND',
  requireStack: [Array],
  page: '/chat'
}
 ⨯ Error: Cannot find module './611.js'
Require stack:
- D:\544\app\.next\server\webpack-runtime.js
- D:\544\app\.next\server\app\api\chat\route.js
- D:\544\app\node_modules\next\dist\server\require.js
- D:\544\app\node_modules\next\dist\server\load-components.js
- D:\544\app\node_modules\next\dist\build\utils.js
- D:\544\app\node_modules\next\dist\build\swc\options.js
- D:\544\app\node_modules\next\dist\build\swc\index.js
- D:\544\app\node_modules\next\dist\build\next-config-ts\transpile-config.js
- D:\544\app\node_modules\next\dist\server\config.js
- D:\544\app\node_modules\next\dist\server\next.js
- D:\544\app\node_modules\next\dist\server\lib\start-server.js
    at <unknown> (D:\544\app\.next\server\pages\_document.js:1:325)
    at Object.<anonymous> (D:\544\app\.next\server\pages\_document.js:1:371) {
  code: 'MODULE_NOT_FOUND',
  requireStack: [Array]
}
[TypeError: Cannot read properties of undefined (reading '/_app')]
 ⨯ [TypeError: Cannot read properties of undefined (reading '/_app')]
Error: Cannot find module './331.js'
Require stack:
- D:\544\app\.next\server\webpack-runtime.js
- D:\544\app\.next\server\app\api\chat\route.js
- D:\544\app\node_modules\next\dist\server\require.js
- D:\544\app\node_modules\next\dist\server\load-components.js
- D:\544\app\node_modules\next\dist\build\utils.js
- D:\544\app\node_modules\next\dist\build\swc\options.js
- D:\544\app\node_modules\next\dist\build\swc\index.js
- D:\544\app\node_modules\next\dist\build\next-config-ts\transpile-config.js
- D:\544\app\node_modules\next\dist\server\config.js
- D:\544\app\node_modules\next\dist\server\next.js
- D:\544\app\node_modules\next\dist\server\lib\start-server.js
    at <unknown> (D:\544\app\.next\server\app\chat\page.js:14:8731)
    at Object.<anonymous> (D:\544\app\.next\server\app\chat\page.js:14:8781) {
  code: 'MODULE_NOT_FOUND',
  requireStack: [Array],
  page: '/chat'
}
 ⨯ Error: Cannot find module './611.js'
Require stack:
- D:\544\app\.next\server\webpack-runtime.js
- D:\544\app\.next\server\app\api\chat\route.js
- D:\544\app\node_modules\next\dist\server\require.js
- D:\544\app\node_modules\next\dist\server\load-components.js
- D:\544\app\node_modules\next\dist\build\utils.js
- D:\544\app\node_modules\next\dist\build\swc\options.js
- D:\544\app\node_modules\next\dist\build\swc\index.js
- D:\544\app\node_modules\next\dist\build\next-config-ts\transpile-config.js
- D:\544\app\node_modules\next\dist\server\config.js
- D:\544\app\node_modules\next\dist\server\next.js
- D:\544\app\node_modules\next\dist\server\lib\start-server.js
    at <unknown> (D:\544\app\.next\server\pages\_document.js:1:325)
    at Object.<anonymous> (D:\544\app\.next\server\pages\_document.js:1:371) {
  code: 'MODULE_NOT_FOUND',
  requireStack: [Array]
}
[TypeError: Cannot read properties of undefined (reading '/_app')]
 ⨯ [TypeError: Cannot read properties of undefined (reading '/_app')]
[TypeError: Cannot read properties of undefined (reading '/_app')]
 GET /chat 500 in 138ms
 GET /chat 500 in 37ms
 ⨯ Error: Cannot find module './331.js'
Require stack:
- D:\544\app\.next\server\webpack-runtime.js
- D:\544\app\.next\server\app\api\chat\route.js
- D:\544\app\node_modules\next\dist\server\require.js
- D:\544\app\node_modules\next\dist\server\load-components.js
- D:\544\app\node_modules\next\dist\build\utils.js
- D:\544\app\node_modules\next\dist\build\swc\options.js
- D:\544\app\node_modules\next\dist\build\swc\index.js
- D:\544\app\node_modules\next\dist\build\next-config-ts\transpile-config.js
- D:\544\app\node_modules\next\dist\server\config.js
- D:\544\app\node_modules\next\dist\server\next.js
- D:\544\app\node_modules\next\dist\server\lib\start-server.js
    at <unknown> (D:\544\app\.next\server\app\chat\page.js:14:8731)
    at Object.<anonymous> (D:\544\app\.next\server\app\chat\page.js:14:8781) {
  code: 'MODULE_NOT_FOUND',
  requireStack: [Array],
  page: '/chat'
}
 ⨯ Error: Cannot find module './611.js'
Require stack:
- D:\544\app\.next\server\webpack-runtime.js
- D:\544\app\.next\server\app\api\chat\route.js
- D:\544\app\node_modules\next\dist\server\require.js
- D:\544\app\node_modules\next\dist\server\load-components.js
- D:\544\app\node_modules\next\dist\build\utils.js
- D:\544\app\node_modules\next\dist\build\swc\options.js
- D:\544\app\node_modules\next\dist\build\swc\index.js
- D:\544\app\node_modules\next\dist\build\next-config-ts\transpile-config.js
- D:\544\app\node_modules\next\dist\server\config.js
- D:\544\app\node_modules\next\dist\server\next.js
- D:\544\app\node_modules\next\dist\server\lib\start-server.js
    at <unknown> (D:\544\app\.next\server\pages\_document.js:1:325)
    at Object.<anonymous> (D:\544\app\.next\server\pages\_document.js:1:371) {
  code: 'MODULE_NOT_FOUND',
  requireStack: [Array]
}
[TypeError: Cannot read properties of undefined (reading '/_app')]
 ⨯ [TypeError: Cannot read properties of undefined (reading '/_app')]
Error: Cannot find module './331.js'
Require stack:
- D:\544\app\.next\server\webpack-runtime.js
- D:\544\app\.next\server\app\api\chat\route.js
- D:\544\app\node_modules\next\dist\server\require.js
- D:\544\app\node_modules\next\dist\server\load-components.js
- D:\544\app\node_modules\next\dist\build\utils.js
- D:\544\app\node_modules\next\dist\build\swc\options.js
- D:\544\app\node_modules\next\dist\build\swc\index.js
- D:\544\app\node_modules\next\dist\build\next-config-ts\transpile-config.js
- D:\544\app\node_modules\next\dist\server\config.js
- D:\544\app\node_modules\next\dist\server\next.js
- D:\544\app\node_modules\next\dist\server\lib\start-server.js
    at <unknown> (D:\544\app\.next\server\app\chat\page.js:14:8731)
    at Object.<anonymous> (D:\544\app\.next\server\app\chat\page.js:14:8781) {
  code: 'MODULE_NOT_FOUND',
  requireStack: [Array],
  page: '/chat'
}
 ⨯ Error: Cannot find module './611.js'
Require stack:
- D:\544\app\.next\server\webpack-runtime.js
- D:\544\app\.next\server\app\api\chat\route.js
- D:\544\app\node_modules\next\dist\server\require.js
- D:\544\app\node_modules\next\dist\server\load-components.js
- D:\544\app\node_modules\next\dist\build\utils.js
- D:\544\app\node_modules\next\dist\build\swc\options.js
- D:\544\app\node_modules\next\dist\build\swc\index.js
- D:\544\app\node_modules\next\dist\build\next-config-ts\transpile-config.js
- D:\544\app\node_modules\next\dist\server\config.js
- D:\544\app\node_modules\next\dist\server\next.js
- D:\544\app\node_modules\next\dist\server\lib\start-server.js
    at <unknown> (D:\544\app\.next\server\pages\_document.js:1:325)
    at Object.<anonymous> (D:\544\app\.next\server\pages\_document.js:1:371) {
  code: 'MODULE_NOT_FOUND',
  requireStack: [Array]
}
[TypeError: Cannot read properties of undefined (reading '/_app')]
 ⨯ [TypeError: Cannot read properties of undefined (reading '/_app')]
[TypeError: Cannot read properties of undefined (reading '/_app')]
 GET /chat 500 in 118ms
 GET /chat 500 in 40ms
 ⨯ Error: Cannot find module './331.js'
Require stack:
- D:\544\app\.next\server\webpack-runtime.js
- D:\544\app\.next\server\app\api\chat\route.js
- D:\544\app\node_modules\next\dist\server\require.js
- D:\544\app\node_modules\next\dist\server\load-components.js
- D:\544\app\node_modules\next\dist\build\utils.js
- D:\544\app\node_modules\next\dist\build\swc\options.js
- D:\544\app\node_modules\next\dist\build\swc\index.js
- D:\544\app\node_modules\next\dist\build\next-config-ts\transpile-config.js
- D:\544\app\node_modules\next\dist\server\config.js
- D:\544\app\node_modules\next\dist\server\next.js
- D:\544\app\node_modules\next\dist\server\lib\start-server.js
    at <unknown> (D:\544\app\.next\server\app\chat\page.js:14:8731)
    at Object.<anonymous> (D:\544\app\.next\server\app\chat\page.js:14:8781) {
  code: 'MODULE_NOT_FOUND',
  requireStack: [Array],
  page: '/chat'
}
 ⨯ Error: Cannot find module './611.js'
Require stack:
- D:\544\app\.next\server\webpack-runtime.js
- D:\544\app\.next\server\app\api\chat\route.js
- D:\544\app\node_modules\next\dist\server\require.js
- D:\544\app\node_modules\next\dist\server\load-components.js
- D:\544\app\node_modules\next\dist\build\utils.js
- D:\544\app\node_modules\next\dist\build\swc\options.js
- D:\544\app\node_modules\next\dist\build\swc\index.js
- D:\544\app\node_modules\next\dist\build\next-config-ts\transpile-config.js
- D:\544\app\node_modules\next\dist\server\config.js
- D:\544\app\node_modules\next\dist\server\next.js
- D:\544\app\node_modules\next\dist\server\lib\start-server.js
    at <unknown> (D:\544\app\.next\server\pages\_document.js:1:325)
    at Object.<anonymous> (D:\544\app\.next\server\pages\_document.js:1:371) {
  code: 'MODULE_NOT_FOUND',
  requireStack: [Array]
}
[TypeError: Cannot read properties of undefined (reading '/_app')]
 ⨯ [TypeError: Cannot read properties of undefined (reading '/_app')]
Error: Cannot find module './331.js'
Require stack:
- D:\544\app\.next\server\webpack-runtime.js
- D:\544\app\.next\server\app\api\chat\route.js
- D:\544\app\node_modules\next\dist\server\require.js
- D:\544\app\node_modules\next\dist\server\load-components.js
- D:\544\app\node_modules\next\dist\build\utils.js
- D:\544\app\node_modules\next\dist\build\swc\options.js
- D:\544\app\node_modules\next\dist\build\swc\index.js
- D:\544\app\node_modules\next\dist\build\next-config-ts\transpile-config.js
- D:\544\app\node_modules\next\dist\server\config.js
- D:\544\app\node_modules\next\dist\server\next.js
- D:\544\app\node_modules\next\dist\server\lib\start-server.js
    at <unknown> (D:\544\app\.next\server\app\chat\page.js:14:8731)
    at Object.<anonymous> (D:\544\app\.next\server\app\chat\page.js:14:8781) {
  code: 'MODULE_NOT_FOUND',
  requireStack: [Array],
  page: '/chat'
}
 ⨯ Error: Cannot find module './611.js'
Require stack:
- D:\544\app\.next\server\webpack-runtime.js
- D:\544\app\.next\server\app\api\chat\route.js
- D:\544\app\node_modules\next\dist\server\require.js
- D:\544\app\node_modules\next\dist\server\load-components.js
- D:\544\app\node_modules\next\dist\build\utils.js
- D:\544\app\node_modules\next\dist\build\swc\options.js
- D:\544\app\node_modules\next\dist\build\swc\index.js
- D:\544\app\node_modules\next\dist\build\next-config-ts\transpile-config.js
- D:\544\app\node_modules\next\dist\server\config.js
- D:\544\app\node_modules\next\dist\server\next.js
- D:\544\app\node_modules\next\dist\server\lib\start-server.js
    at <unknown> (D:\544\app\.next\server\pages\_document.js:1:325)
    at Object.<anonymous> (D:\544\app\.next\server\pages\_document.js:1:371) {
  code: 'MODULE_NOT_FOUND',
  requireStack: [Array]
}
[TypeError: Cannot read properties of undefined (reading '/_app')]
 ⨯ [TypeError: Cannot read properties of undefined (reading '/_app')]
[TypeError: Cannot read properties of undefined (reading '/_app')]
 GET /chat 500 in 123ms
 GET /chat 500 in 56ms
 ⨯ Error: Cannot find module './331.js'
Require stack:
- D:\544\app\.next\server\webpack-runtime.js
- D:\544\app\.next\server\app\api\chat\route.js
- D:\544\app\node_modules\next\dist\server\require.js
- D:\544\app\node_modules\next\dist\server\load-components.js
- D:\544\app\node_modules\next\dist\build\utils.js
- D:\544\app\node_modules\next\dist\build\swc\options.js
- D:\544\app\node_modules\next\dist\build\swc\index.js
- D:\544\app\node_modules\next\dist\build\next-config-ts\transpile-config.js
- D:\544\app\node_modules\next\dist\server\config.js
- D:\544\app\node_modules\next\dist\server\next.js
- D:\544\app\node_modules\next\dist\server\lib\start-server.js
    at <unknown> (D:\544\app\.next\server\app\chat\page.js:14:8731)
    at Object.<anonymous> (D:\544\app\.next\server\app\chat\page.js:14:8781) {
  code: 'MODULE_NOT_FOUND',
  requireStack: [Array],
  page: '/chat'
}
 ⨯ Error: Cannot find module './611.js'
Require stack:
- D:\544\app\.next\server\webpack-runtime.js
- D:\544\app\.next\server\app\api\chat\route.js
- D:\544\app\node_modules\next\dist\server\require.js
- D:\544\app\node_modules\next\dist\server\load-components.js
- D:\544\app\node_modules\next\dist\build\utils.js
- D:\544\app\node_modules\next\dist\build\swc\options.js
- D:\544\app\node_modules\next\dist\build\swc\index.js
- D:\544\app\node_modules\next\dist\build\next-config-ts\transpile-config.js
- D:\544\app\node_modules\next\dist\server\config.js
- D:\544\app\node_modules\next\dist\server\next.js
- D:\544\app\node_modules\next\dist\server\lib\start-server.js
    at <unknown> (D:\544\app\.next\server\pages\_document.js:1:325)
    at Object.<anonymous> (D:\544\app\.next\server\pages\_document.js:1:371) {
  code: 'MODULE_NOT_FOUND',
  requireStack: [Array]
}
[TypeError: Cannot read properties of undefined (reading '/_app')]
 ⨯ [TypeError: Cannot read properties of undefined (reading '/_app')]
Error: Cannot find module './331.js'
Require stack:
- D:\544\app\.next\server\webpack-runtime.js
- D:\544\app\.next\server\app\api\chat\route.js
- D:\544\app\node_modules\next\dist\server\require.js
- D:\544\app\node_modules\next\dist\server\load-components.js
- D:\544\app\node_modules\next\dist\build\utils.js
- D:\544\app\node_modules\next\dist\build\swc\options.js
- D:\544\app\node_modules\next\dist\build\swc\index.js
- D:\544\app\node_modules\next\dist\build\next-config-ts\transpile-config.js
- D:\544\app\node_modules\next\dist\server\config.js
- D:\544\app\node_modules\next\dist\server\next.js
- D:\544\app\node_modules\next\dist\server\lib\start-server.js
    at <unknown> (D:\544\app\.next\server\app\chat\page.js:14:8731)
    at Object.<anonymous> (D:\544\app\.next\server\app\chat\page.js:14:8781) {
  code: 'MODULE_NOT_FOUND',
  requireStack: [Array],
  page: '/chat'
}
 ⨯ Error: Cannot find module './611.js'
Require stack:
- D:\544\app\.next\server\webpack-runtime.js
- D:\544\app\.next\server\app\api\chat\route.js
- D:\544\app\node_modules\next\dist\server\require.js
- D:\544\app\node_modules\next\dist\server\load-components.js
- D:\544\app\node_modules\next\dist\build\utils.js
- D:\544\app\node_modules\next\dist\build\swc\options.js
- D:\544\app\node_modules\next\dist\build\swc\index.js
- D:\544\app\node_modules\next\dist\build\next-config-ts\transpile-config.js
- D:\544\app\node_modules\next\dist\server\config.js
- D:\544\app\node_modules\next\dist\server\next.js
- D:\544\app\node_modules\next\dist\server\lib\start-server.js
    at <unknown> (D:\544\app\.next\server\pages\_document.js:1:325)
    at Object.<anonymous> (D:\544\app\.next\server\pages\_document.js:1:371) {
  code: 'MODULE_NOT_FOUND',
  requireStack: [Array]
}
[TypeError: Cannot read properties of undefined (reading '/_app')]
 ⨯ [TypeError: Cannot read properties of undefined (reading '/_app')]
[TypeError: Cannot read properties of undefined (reading '/_app')]
 GET /chat 500 in 114ms
 GET /chat 500 in 35ms
 ⨯ Error: Cannot find module './331.js'
Require stack:
- D:\544\app\.next\server\webpack-runtime.js
- D:\544\app\.next\server\app\api\chat\route.js
- D:\544\app\node_modules\next\dist\server\require.js
- D:\544\app\node_modules\next\dist\server\load-components.js
- D:\544\app\node_modules\next\dist\build\utils.js
- D:\544\app\node_modules\next\dist\build\swc\options.js
- D:\544\app\node_modules\next\dist\build\swc\index.js
- D:\544\app\node_modules\next\dist\build\next-config-ts\transpile-config.js
- D:\544\app\node_modules\next\dist\server\config.js
- D:\544\app\node_modules\next\dist\server\next.js
- D:\544\app\node_modules\next\dist\server\lib\start-server.js
    at <unknown> (D:\544\app\.next\server\app\chat\page.js:14:8731)
    at Object.<anonymous> (D:\544\app\.next\server\app\chat\page.js:14:8781) {
  code: 'MODULE_NOT_FOUND',
  requireStack: [Array],
  page: '/chat'
}
 ⨯ Error: Cannot find module './611.js'
Require stack:
- D:\544\app\.next\server\webpack-runtime.js
- D:\544\app\.next\server\app\api\chat\route.js
- D:\544\app\node_modules\next\dist\server\require.js
- D:\544\app\node_modules\next\dist\server\load-components.js
- D:\544\app\node_modules\next\dist\build\utils.js
- D:\544\app\node_modules\next\dist\build\swc\options.js
- D:\544\app\node_modules\next\dist\build\swc\index.js
- D:\544\app\node_modules\next\dist\build\next-config-ts\transpile-config.js
- D:\544\app\node_modules\next\dist\server\config.js
- D:\544\app\node_modules\next\dist\server\next.js
- D:\544\app\node_modules\next\dist\server\lib\start-server.js
    at <unknown> (D:\544\app\.next\server\pages\_document.js:1:325)
    at Object.<anonymous> (D:\544\app\.next\server\pages\_document.js:1:371) {
  code: 'MODULE_NOT_FOUND',
  requireStack: [Array]
}
[TypeError: Cannot read properties of undefined (reading '/_app')]
 ⨯ [TypeError: Cannot read properties of undefined (reading '/_app')]
Error: Cannot find module './331.js'
Require stack:
- D:\544\app\.next\server\webpack-runtime.js
- D:\544\app\.next\server\app\api\chat\route.js
- D:\544\app\node_modules\next\dist\server\require.js
- D:\544\app\node_modules\next\dist\server\load-components.js
- D:\544\app\node_modules\next\dist\build\utils.js
- D:\544\app\node_modules\next\dist\build\swc\options.js
- D:\544\app\node_modules\next\dist\build\swc\index.js
- D:\544\app\node_modules\next\dist\build\next-config-ts\transpile-config.js
- D:\544\app\node_modules\next\dist\server\config.js
- D:\544\app\node_modules\next\dist\server\next.js
- D:\544\app\node_modules\next\dist\server\lib\start-server.js
    at <unknown> (D:\544\app\.next\server\app\chat\page.js:14:8731)
    at Object.<anonymous> (D:\544\app\.next\server\app\chat\page.js:14:8781) {
  code: 'MODULE_NOT_FOUND',
  requireStack: [Array],
  page: '/chat'
}
 ⨯ Error: Cannot find module './611.js'
Require stack:
- D:\544\app\.next\server\webpack-runtime.js
- D:\544\app\.next\server\app\api\chat\route.js
- D:\544\app\node_modules\next\dist\server\require.js
- D:\544\app\node_modules\next\dist\server\load-components.js
- D:\544\app\node_modules\next\dist\build\utils.js
- D:\544\app\node_modules\next\dist\build\swc\options.js
- D:\544\app\node_modules\next\dist\build\swc\index.js
- D:\544\app\node_modules\next\dist\build\next-config-ts\transpile-config.js
- D:\544\app\node_modules\next\dist\server\config.js
- D:\544\app\node_modules\next\dist\server\next.js
- D:\544\app\node_modules\next\dist\server\lib\start-server.js
    at <unknown> (D:\544\app\.next\server\pages\_document.js:1:325)
    at Object.<anonymous> (D:\544\app\.next\server\pages\_document.js:1:371) {
  code: 'MODULE_NOT_FOUND',
  requireStack: [Array]
}
[TypeError: Cannot read properties of undefined (reading '/_app')]
 ⨯ [TypeError: Cannot read properties of undefined (reading '/_app')]
[TypeError: Cannot read properties of undefined (reading '/_app')]
 GET /chat 500 in 108ms
 GET /chat 500 in 36ms
 ⨯ Error: Cannot find module './331.js'
Require stack:
- D:\544\app\.next\server\webpack-runtime.js
- D:\544\app\.next\server\app\api\chat\route.js
- D:\544\app\node_modules\next\dist\server\require.js
- D:\544\app\node_modules\next\dist\server\load-components.js
- D:\544\app\node_modules\next\dist\build\utils.js
- D:\544\app\node_modules\next\dist\build\swc\options.js
- D:\544\app\node_modules\next\dist\build\swc\index.js
- D:\544\app\node_modules\next\dist\build\next-config-ts\transpile-config.js
- D:\544\app\node_modules\next\dist\server\config.js
- D:\544\app\node_modules\next\dist\server\next.js
- D:\544\app\node_modules\next\dist\server\lib\start-server.js
    at <unknown> (D:\544\app\.next\server\app\chat\page.js:14:8731)
    at Object.<anonymous> (D:\544\app\.next\server\app\chat\page.js:14:8781) {
  code: 'MODULE_NOT_FOUND',
  requireStack: [Array],
  page: '/chat'
}
 ⨯ Error: Cannot find module './611.js'
Require stack:
- D:\544\app\.next\server\webpack-runtime.js
- D:\544\app\.next\server\app\api\chat\route.js
- D:\544\app\node_modules\next\dist\server\require.js
- D:\544\app\node_modules\next\dist\server\load-components.js
- D:\544\app\node_modules\next\dist\build\utils.js
- D:\544\app\node_modules\next\dist\build\swc\options.js
- D:\544\app\node_modules\next\dist\build\swc\index.js
- D:\544\app\node_modules\next\dist\build\next-config-ts\transpile-config.js
- D:\544\app\node_modules\next\dist\server\config.js
- D:\544\app\node_modules\next\dist\server\next.js
- D:\544\app\node_modules\next\dist\server\lib\start-server.js
    at <unknown> (D:\544\app\.next\server\pages\_document.js:1:325)
    at Object.<anonymous> (D:\544\app\.next\server\pages\_document.js:1:371) {
  code: 'MODULE_NOT_FOUND',
  requireStack: [Array]
}
[TypeError: Cannot read properties of undefined (reading '/_app')]
 ⨯ [TypeError: Cannot read properties of undefined (reading '/_app')]
Error: Cannot find module './331.js'
Require stack:
- D:\544\app\.next\server\webpack-runtime.js
- D:\544\app\.next\server\app\api\chat\route.js
- D:\544\app\node_modules\next\dist\server\require.js
- D:\544\app\node_modules\next\dist\server\load-components.js
- D:\544\app\node_modules\next\dist\build\utils.js
- D:\544\app\node_modules\next\dist\build\swc\options.js
- D:\544\app\node_modules\next\dist\build\swc\index.js
- D:\544\app\node_modules\next\dist\build\next-config-ts\transpile-config.js
- D:\544\app\node_modules\next\dist\server\config.js
- D:\544\app\node_modules\next\dist\server\next.js
- D:\544\app\node_modules\next\dist\server\lib\start-server.js
    at <unknown> (D:\544\app\.next\server\app\chat\page.js:14:8731)
    at Object.<anonymous> (D:\544\app\.next\server\app\chat\page.js:14:8781) {
  code: 'MODULE_NOT_FOUND',
  requireStack: [Array],
  page: '/chat'
}
 ⨯ Error: Cannot find module './611.js'
Require stack:
- D:\544\app\.next\server\webpack-runtime.js
- D:\544\app\.next\server\app\api\chat\route.js
- D:\544\app\node_modules\next\dist\server\require.js
- D:\544\app\node_modules\next\dist\server\load-components.js
- D:\544\app\node_modules\next\dist\build\utils.js
- D:\544\app\node_modules\next\dist\build\swc\options.js
- D:\544\app\node_modules\next\dist\build\swc\index.js
- D:\544\app\node_modules\next\dist\build\next-config-ts\transpile-config.js
- D:\544\app\node_modules\next\dist\server\config.js
- D:\544\app\node_modules\next\dist\server\next.js
- D:\544\app\node_modules\next\dist\server\lib\start-server.js
    at <unknown> (D:\544\app\.next\server\pages\_document.js:1:325)
    at Object.<anonymous> (D:\544\app\.next\server\pages\_document.js:1:371) {
  code: 'MODULE_NOT_FOUND',
  requireStack: [Array]
}
[TypeError: Cannot read properties of undefined (reading '/_app')]
 ⨯ [TypeError: Cannot read properties of undefined (reading '/_app')]
[TypeError: Cannot read properties of undefined (reading '/_app')]
 GET /chat 500 in 110ms
 GET /chat 500 in 33ms
 ⨯ Error: Cannot find module './331.js'
Require stack:
- D:\544\app\.next\server\webpack-runtime.js
- D:\544\app\.next\server\app\api\chat\route.js
- D:\544\app\node_modules\next\dist\server\require.js
- D:\544\app\node_modules\next\dist\server\load-components.js
- D:\544\app\node_modules\next\dist\build\utils.js
- D:\544\app\node_modules\next\dist\build\swc\options.js
- D:\544\app\node_modules\next\dist\build\swc\index.js
- D:\544\app\node_modules\next\dist\build\next-config-ts\transpile-config.js
- D:\544\app\node_modules\next\dist\server\config.js
- D:\544\app\node_modules\next\dist\server\next.js
- D:\544\app\node_modules\next\dist\server\lib\start-server.js
    at <unknown> (D:\544\app\.next\server\app\chat\page.js:14:8731)
    at Object.<anonymous> (D:\544\app\.next\server\app\chat\page.js:14:8781) {
  code: 'MODULE_NOT_FOUND',
  requireStack: [Array],
  page: '/chat'
}
 ⨯ Error: Cannot find module './611.js'
Require stack:
- D:\544\app\.next\server\webpack-runtime.js
- D:\544\app\.next\server\app\api\chat\route.js
- D:\544\app\node_modules\next\dist\server\require.js
- D:\544\app\node_modules\next\dist\server\load-components.js
- D:\544\app\node_modules\next\dist\build\utils.js
- D:\544\app\node_modules\next\dist\build\swc\options.js
- D:\544\app\node_modules\next\dist\build\swc\index.js
- D:\544\app\node_modules\next\dist\build\next-config-ts\transpile-config.js
- D:\544\app\node_modules\next\dist\server\config.js
- D:\544\app\node_modules\next\dist\server\next.js
- D:\544\app\node_modules\next\dist\server\lib\start-server.js
    at <unknown> (D:\544\app\.next\server\pages\_document.js:1:325)
    at Object.<anonymous> (D:\544\app\.next\server\pages\_document.js:1:371) {
  code: 'MODULE_NOT_FOUND',
  requireStack: [Array]
}
[TypeError: Cannot read properties of undefined (reading '/_app')]
 ⨯ [TypeError: Cannot read properties of undefined (reading '/_app')]
Error: Cannot find module './331.js'
Require stack:
- D:\544\app\.next\server\webpack-runtime.js
- D:\544\app\.next\server\app\api\chat\route.js
- D:\544\app\node_modules\next\dist\server\require.js
- D:\544\app\node_modules\next\dist\server\load-components.js
- D:\544\app\node_modules\next\dist\build\utils.js
- D:\544\app\node_modules\next\dist\build\swc\options.js
- D:\544\app\node_modules\next\dist\build\swc\index.js
- D:\544\app\node_modules\next\dist\build\next-config-ts\transpile-config.js
- D:\544\app\node_modules\next\dist\server\config.js
- D:\544\app\node_modules\next\dist\server\next.js
- D:\544\app\node_modules\next\dist\server\lib\start-server.js
    at <unknown> (D:\544\app\.next\server\app\chat\page.js:14:8731)
    at Object.<anonymous> (D:\544\app\.next\server\app\chat\page.js:14:8781) {
  code: 'MODULE_NOT_FOUND',
  requireStack: [Array],
  page: '/chat'
}
 ⨯ Error: Cannot find module './611.js'
Require stack:
- D:\544\app\.next\server\webpack-runtime.js
- D:\544\app\.next\server\app\api\chat\route.js
- D:\544\app\node_modules\next\dist\server\require.js
- D:\544\app\node_modules\next\dist\server\load-components.js
- D:\544\app\node_modules\next\dist\build\utils.js
- D:\544\app\node_modules\next\dist\build\swc\options.js
- D:\544\app\node_modules\next\dist\build\swc\index.js
- D:\544\app\node_modules\next\dist\build\next-config-ts\transpile-config.js
- D:\544\app\node_modules\next\dist\server\config.js
- D:\544\app\node_modules\next\dist\server\next.js
- D:\544\app\node_modules\next\dist\server\lib\start-server.js
    at <unknown> (D:\544\app\.next\server\pages\_document.js:1:325)
    at Object.<anonymous> (D:\544\app\.next\server\pages\_document.js:1:371) {
  code: 'MODULE_NOT_FOUND',
  requireStack: [Array]
}
[TypeError: Cannot read properties of undefined (reading '/_app')]
 ⨯ [TypeError: Cannot read properties of undefined (reading '/_app')]
[TypeError: Cannot read properties of undefined (reading '/_app')]
 GET /chat 500 in 105ms
 GET /chat 500 in 34ms
 ⨯ Error: Cannot find module './331.js'
Require stack:
- D:\544\app\.next\server\webpack-runtime.js
- D:\544\app\.next\server\app\api\chat\route.js
- D:\544\app\node_modules\next\dist\server\require.js
- D:\544\app\node_modules\next\dist\server\load-components.js
- D:\544\app\node_modules\next\dist\build\utils.js
- D:\544\app\node_modules\next\dist\build\swc\options.js
- D:\544\app\node_modules\next\dist\build\swc\index.js
- D:\544\app\node_modules\next\dist\build\next-config-ts\transpile-config.js
- D:\544\app\node_modules\next\dist\server\config.js
- D:\544\app\node_modules\next\dist\server\next.js
- D:\544\app\node_modules\next\dist\server\lib\start-server.js
    at <unknown> (D:\544\app\.next\server\app\chat\page.js:14:8731)
    at Object.<anonymous> (D:\544\app\.next\server\app\chat\page.js:14:8781) {
  code: 'MODULE_NOT_FOUND',
  requireStack: [Array],
  page: '/chat'
}
 ⨯ Error: Cannot find module './611.js'
Require stack:
- D:\544\app\.next\server\webpack-runtime.js
- D:\544\app\.next\server\app\api\chat\route.js
- D:\544\app\node_modules\next\dist\server\require.js
- D:\544\app\node_modules\next\dist\server\load-components.js
- D:\544\app\node_modules\next\dist\build\utils.js
- D:\544\app\node_modules\next\dist\build\swc\options.js
- D:\544\app\node_modules\next\dist\build\swc\index.js
- D:\544\app\node_modules\next\dist\build\next-config-ts\transpile-config.js
- D:\544\app\node_modules\next\dist\server\config.js
- D:\544\app\node_modules\next\dist\server\next.js
- D:\544\app\node_modules\next\dist\server\lib\start-server.js
    at <unknown> (D:\544\app\.next\server\pages\_document.js:1:325)
    at Object.<anonymous> (D:\544\app\.next\server\pages\_document.js:1:371) {
  code: 'MODULE_NOT_FOUND',
  requireStack: [Array]
}
[TypeError: Cannot read properties of undefined (reading '/_app')]
 ⨯ [TypeError: Cannot read properties of undefined (reading '/_app')]
Error: Cannot find module './331.js'
Require stack:
- D:\544\app\.next\server\webpack-runtime.js
- D:\544\app\.next\server\app\api\chat\route.js
- D:\544\app\node_modules\next\dist\server\require.js
- D:\544\app\node_modules\next\dist\server\load-components.js
- D:\544\app\node_modules\next\dist\build\utils.js
- D:\544\app\node_modules\next\dist\build\swc\options.js
- D:\544\app\node_modules\next\dist\build\swc\index.js
- D:\544\app\node_modules\next\dist\build\next-config-ts\transpile-config.js
- D:\544\app\node_modules\next\dist\server\config.js
- D:\544\app\node_modules\next\dist\server\next.js
- D:\544\app\node_modules\next\dist\server\lib\start-server.js
    at <unknown> (D:\544\app\.next\server\app\chat\page.js:14:8731)
    at Object.<anonymous> (D:\544\app\.next\server\app\chat\page.js:14:8781) {
  code: 'MODULE_NOT_FOUND',
  requireStack: [Array],
  page: '/chat'
}
 ⨯ Error: Cannot find module './611.js'
Require stack:
- D:\544\app\.next\server\webpack-runtime.js
- D:\544\app\.next\server\app\api\chat\route.js
- D:\544\app\node_modules\next\dist\server\require.js
- D:\544\app\node_modules\next\dist\server\load-components.js
- D:\544\app\node_modules\next\dist\build\utils.js
- D:\544\app\node_modules\next\dist\build\swc\options.js
- D:\544\app\node_modules\next\dist\build\swc\index.js
- D:\544\app\node_modules\next\dist\build\next-config-ts\transpile-config.js
- D:\544\app\node_modules\next\dist\server\config.js
- D:\544\app\node_modules\next\dist\server\next.js
- D:\544\app\node_modules\next\dist\server\lib\start-server.js
    at <unknown> (D:\544\app\.next\server\pages\_document.js:1:325)
    at Object.<anonymous> (D:\544\app\.next\server\pages\_document.js:1:371) {
  code: 'MODULE_NOT_FOUND',
  requireStack: [Array]
}
[TypeError: Cannot read properties of undefined (reading '/_app')]
 ⨯ [TypeError: Cannot read properties of undefined (reading '/_app')]
[TypeError: Cannot read properties of undefined (reading '/_app')]
 GET /chat 500 in 109ms
 GET /chat 500 in 37ms
 ⨯ Error: Cannot find module './331.js'
Require stack:
- D:\544\app\.next\server\webpack-runtime.js
- D:\544\app\.next\server\app\api\chat\route.js
- D:\544\app\node_modules\next\dist\server\require.js
- D:\544\app\node_modules\next\dist\server\load-components.js
- D:\544\app\node_modules\next\dist\build\utils.js
- D:\544\app\node_modules\next\dist\build\swc\options.js
- D:\544\app\node_modules\next\dist\build\swc\index.js
- D:\544\app\node_modules\next\dist\build\next-config-ts\transpile-config.js
- D:\544\app\node_modules\next\dist\server\config.js
- D:\544\app\node_modules\next\dist\server\next.js
- D:\544\app\node_modules\next\dist\server\lib\start-server.js
    at <unknown> (D:\544\app\.next\server\app\chat\page.js:14:8731)
    at Object.<anonymous> (D:\544\app\.next\server\app\chat\page.js:14:8781) {
  code: 'MODULE_NOT_FOUND',
  requireStack: [Array],
  page: '/chat'
}
 ⨯ Error: Cannot find module './611.js'
Require stack:
- D:\544\app\.next\server\webpack-runtime.js
- D:\544\app\.next\server\app\api\chat\route.js
- D:\544\app\node_modules\next\dist\server\require.js
- D:\544\app\node_modules\next\dist\server\load-components.js
- D:\544\app\node_modules\next\dist\build\utils.js
- D:\544\app\node_modules\next\dist\build\swc\options.js
- D:\544\app\node_modules\next\dist\build\swc\index.js
- D:\544\app\node_modules\next\dist\build\next-config-ts\transpile-config.js
- D:\544\app\node_modules\next\dist\server\config.js
- D:\544\app\node_modules\next\dist\server\next.js
- D:\544\app\node_modules\next\dist\server\lib\start-server.js
    at <unknown> (D:\544\app\.next\server\pages\_document.js:1:325)
    at Object.<anonymous> (D:\544\app\.next\server\pages\_document.js:1:371) {
  code: 'MODULE_NOT_FOUND',
  requireStack: [Array]
}
[TypeError: Cannot read properties of undefined (reading '/_app')]
 ⨯ [TypeError: Cannot read properties of undefined (reading '/_app')]
Error: Cannot find module './331.js'
Require stack:
- D:\544\app\.next\server\webpack-runtime.js
- D:\544\app\.next\server\app\api\chat\route.js
- D:\544\app\node_modules\next\dist\server\require.js
- D:\544\app\node_modules\next\dist\server\load-components.js
- D:\544\app\node_modules\next\dist\build\utils.js
- D:\544\app\node_modules\next\dist\build\swc\options.js
- D:\544\app\node_modules\next\dist\build\swc\index.js
- D:\544\app\node_modules\next\dist\build\next-config-ts\transpile-config.js
- D:\544\app\node_modules\next\dist\server\config.js
- D:\544\app\node_modules\next\dist\server\next.js
- D:\544\app\node_modules\next\dist\server\lib\start-server.js
    at <unknown> (D:\544\app\.next\server\app\chat\page.js:14:8731)
    at Object.<anonymous> (D:\544\app\.next\server\app\chat\page.js:14:8781) {
  code: 'MODULE_NOT_FOUND',
  requireStack: [Array],
  page: '/chat'
}
 ⨯ Error: Cannot find module './611.js'
Require stack:
- D:\544\app\.next\server\webpack-runtime.js
- D:\544\app\.next\server\app\api\chat\route.js
- D:\544\app\node_modules\next\dist\server\require.js
- D:\544\app\node_modules\next\dist\server\load-components.js
- D:\544\app\node_modules\next\dist\build\utils.js
- D:\544\app\node_modules\next\dist\build\swc\options.js
- D:\544\app\node_modules\next\dist\build\swc\index.js
- D:\544\app\node_modules\next\dist\build\next-config-ts\transpile-config.js
- D:\544\app\node_modules\next\dist\server\config.js
- D:\544\app\node_modules\next\dist\server\next.js
- D:\544\app\node_modules\next\dist\server\lib\start-server.js
    at <unknown> (D:\544\app\.next\server\pages\_document.js:1:325)
    at Object.<anonymous> (D:\544\app\.next\server\pages\_document.js:1:371) {
  code: 'MODULE_NOT_FOUND',
  requireStack: [Array]
}
[TypeError: Cannot read properties of undefined (reading '/_app')]
 ⨯ [TypeError: Cannot read properties of undefined (reading '/_app')]
[TypeError: Cannot read properties of undefined (reading '/_app')]
 GET /chat 500 in 139ms
 GET /chat 500 in 44ms
 ⨯ Error: Cannot find module './331.js'
Require stack:
- D:\544\app\.next\server\webpack-runtime.js
- D:\544\app\.next\server\app\api\chat\route.js
- D:\544\app\node_modules\next\dist\server\require.js
- D:\544\app\node_modules\next\dist\server\load-components.js
- D:\544\app\node_modules\next\dist\build\utils.js
- D:\544\app\node_modules\next\dist\build\swc\options.js
- D:\544\app\node_modules\next\dist\build\swc\index.js
- D:\544\app\node_modules\next\dist\build\next-config-ts\transpile-config.js
- D:\544\app\node_modules\next\dist\server\config.js
- D:\544\app\node_modules\next\dist\server\next.js
- D:\544\app\node_modules\next\dist\server\lib\start-server.js
    at <unknown> (D:\544\app\.next\server\app\chat\page.js:14:8731)
    at Object.<anonymous> (D:\544\app\.next\server\app\chat\page.js:14:8781) {
  code: 'MODULE_NOT_FOUND',
  requireStack: [Array],
  page: '/chat'
}
 ⨯ Error: Cannot find module './611.js'
Require stack:
- D:\544\app\.next\server\webpack-runtime.js
- D:\544\app\.next\server\app\api\chat\route.js
- D:\544\app\node_modules\next\dist\server\require.js
- D:\544\app\node_modules\next\dist\server\load-components.js
- D:\544\app\node_modules\next\dist\build\utils.js
- D:\544\app\node_modules\next\dist\build\swc\options.js
- D:\544\app\node_modules\next\dist\build\swc\index.js
- D:\544\app\node_modules\next\dist\build\next-config-ts\transpile-config.js
- D:\544\app\node_modules\next\dist\server\config.js
- D:\544\app\node_modules\next\dist\server\next.js
- D:\544\app\node_modules\next\dist\server\lib\start-server.js
    at <unknown> (D:\544\app\.next\server\pages\_document.js:1:325)
    at Object.<anonymous> (D:\544\app\.next\server\pages\_document.js:1:371) {
  code: 'MODULE_NOT_FOUND',
  requireStack: [Array]
}
[TypeError: Cannot read properties of undefined (reading '/_app')]
 ⨯ [TypeError: Cannot read properties of undefined (reading '/_app')]
Error: Cannot find module './331.js'
Require stack:
- D:\544\app\.next\server\webpack-runtime.js
- D:\544\app\.next\server\app\api\chat\route.js
- D:\544\app\node_modules\next\dist\server\require.js
- D:\544\app\node_modules\next\dist\server\load-components.js
- D:\544\app\node_modules\next\dist\build\utils.js
- D:\544\app\node_modules\next\dist\build\swc\options.js
- D:\544\app\node_modules\next\dist\build\swc\index.js
- D:\544\app\node_modules\next\dist\build\next-config-ts\transpile-config.js
- D:\544\app\node_modules\next\dist\server\config.js
- D:\544\app\node_modules\next\dist\server\next.js
- D:\544\app\node_modules\next\dist\server\lib\start-server.js
    at <unknown> (D:\544\app\.next\server\app\chat\page.js:14:8731)
    at Object.<anonymous> (D:\544\app\.next\server\app\chat\page.js:14:8781) {
  code: 'MODULE_NOT_FOUND',
  requireStack: [Array],
  page: '/chat'
}
 ⨯ Error: Cannot find module './611.js'
Require stack:
- D:\544\app\.next\server\webpack-runtime.js
- D:\544\app\.next\server\app\api\chat\route.js
- D:\544\app\node_modules\next\dist\server\require.js
- D:\544\app\node_modules\next\dist\server\load-components.js
- D:\544\app\node_modules\next\dist\build\utils.js
- D:\544\app\node_modules\next\dist\build\swc\options.js
- D:\544\app\node_modules\next\dist\build\swc\index.js
- D:\544\app\node_modules\next\dist\build\next-config-ts\transpile-config.js
- D:\544\app\node_modules\next\dist\server\config.js
- D:\544\app\node_modules\next\dist\server\next.js
- D:\544\app\node_modules\next\dist\server\lib\start-server.js
    at <unknown> (D:\544\app\.next\server\pages\_document.js:1:325)
    at Object.<anonymous> (D:\544\app\.next\server\pages\_document.js:1:371) {
  code: 'MODULE_NOT_FOUND',
  requireStack: [Array]
}
[TypeError: Cannot read properties of undefined (reading '/_app')]
 ⨯ [TypeError: Cannot read properties of undefined (reading '/_app')]
[TypeError: Cannot read properties of undefined (reading '/_app')]
 GET /chat 500 in 134ms
 GET /chat 500 in 39ms
 ✓ Compiled in 2.7s (1338 modules)
 ✓ Compiled in 519ms (650 modules)
 ✓ Compiled in 2.4s (1338 modules)
 ✓ Compiled in 1767ms (1338 modules)
<w> [webpack.cache.PackFileCacheStrategy] Caching failed for pack: Error: ENOENT: no such file or directory, rename 'D:\544\app\.next\cache\webpack\server-development\9.pack.gz_' -> 'D:\544\app\.next\cache\webpack\server-development\9.pack.gz'
 ✓ Compiled in 833ms (650 modules)
 ✓ Compiled in 435ms (650 modules)
 ✓ Compiled in 1858ms (1338 modules)
 ✓ Compiled in 1800ms (1338 modules)
 ✓ Compiled in 751ms (650 modules)
 ✓ Compiled in 592ms (650 modules)
 ✓ Compiled in 537ms (650 modules)
 ✓ Compiled in 2.2s (1338 modules)
 ✓ Compiled in 1598ms (1338 modules)
 ✓ Compiled in 316ms (1324 modules)
   Reload env: .env.local
 ✓ Compiled in 287ms (1488 modules)
 ✓ Compiled in 648ms (650 modules)
 ✓ Compiled in 588ms (650 modules)
 ✓ Compiled in 445ms (650 modules)
 ✓ Compiled in 411ms (650 modules)
<w> [webpack.cache.PackFileCacheStrategy] Caching failed for pack: Error: ENOENT: no such file or directory, rename 'D:\544\app\.next\cache\webpack\client-development\4.pack.gz_' -> 'D:\544\app\.next\cache\webpack\client-development\4.pack.gz'
 ✓ Compiled in 595ms (650 modules)
